
2016-09-05 09:56:15

Operating System
  Name                        = Linux Mint 17.3 Rosa
  Version                     = 17.3
  Architecture                = 64bit
  # CPUs                      = 2
  Memory                      = 6088171520

Node.js
  Node.js Version             = 4.4.7
  npm Version                 = 2.15.8

Titanium CLI
  CLI Version                 = 5.0.9

Titanium SDK
  SDK Version                 = 5.3.1.GA
  SDK Path                    = /home/victor/.titanium/mobilesdk/linux/5.3.1.GA
  Target Platform             = android

Command
  /usr/bin/nodejs /home/victor/.appcelerator/install/5.4.0/package/node_modules/titanium/lib/titanium.js build run --platform android --log-level trace --sdk 5.3.1.GA --project-dir /home/victor/Escritorio/Appcelerator_Studio_Workspace/LectorRSS --target device --android-sdk /home/victor/android-sdk-linux --device-id TA95101H21 --skip-js-minify --no-colors --no-progress-bars --no-prompt --prompt-type socket-bundle --prompt-port 41969 --config-file /tmp/build-1473087365143.json --no-banner --project-dir /home/victor/Escritorio/Appcelerator_Studio_Workspace/LectorRSS

[DEBUG]  Detecting modules in /home/victor/Escritorio/Appcelerator_Studio_Workspace/LectorRSS/modules
[DEBUG]  Detected iphone module: dk.napp.social 1.7.5 @ /home/victor/Escritorio/Appcelerator_Studio_Workspace/LectorRSS/modules/iphone/dk.napp.social/1.7.5
[DEBUG]  Detecting modules in /home/victor/.titanium/modules
[DEBUG]  Detected android module: com.acktie.mobile.android.qr 1.3 @ /home/victor/.titanium/modules/android/com.acktie.mobile.android.qr/1.3
[DEBUG]  Detected android module: com.wikitude.ti 5.0.0 @ /home/victor/.titanium/modules/android/com.wikitude.ti/5.0.0
[DEBUG]  Detected android module: facebook 4.0.5 @ /home/victor/.titanium/modules/android/facebook/4.0.5
[DEBUG]  Detected android module: facebook 5.0.0 @ /home/victor/.titanium/modules/android/facebook/5.0.0
[DEBUG]  Detected android module: ti.barcode 2.3.5 @ /home/victor/.titanium/modules/android/ti.barcode/2.3.5
[DEBUG]  Detected android module: ti.cloudpush 3.4.1 @ /home/victor/.titanium/modules/android/ti.cloudpush/3.4.1
[DEBUG]  Detected android module: ti.map 2.3.4 @ /home/victor/.titanium/modules/android/ti.map/2.3.4
[DEBUG]  Detected android module: ti.map 2.3.6 @ /home/victor/.titanium/modules/android/ti.map/2.3.6
[DEBUG]  Detected commonjs module: ti.cloud 3.2.10 @ /home/victor/.titanium/modules/commonjs/ti.cloud/3.2.10
[DEBUG]  Detected commonjs module: ti.cloud 3.2.11 @ /home/victor/.titanium/modules/commonjs/ti.cloud/3.2.11
[DEBUG]  Detected commonjs module: ti.cloud 3.2.9 @ /home/victor/.titanium/modules/commonjs/ti.cloud/3.2.9
[DEBUG]  Detected iphone module: com.acktie.mobile.ios.qr 2.1 @ /home/victor/.titanium/modules/iphone/com.acktie.mobile.ios.qr/2.1
[DEBUG]  Detected iphone module: com.wikitude.ti 5.0.0 @ /home/victor/.titanium/modules/iphone/com.wikitude.ti/5.0.0
[DEBUG]  Detected iphone module: ti.barcode 1.9.1 @ /home/victor/.titanium/modules/iphone/ti.barcode/1.9.1
[DEBUG]  No project level plugins to load
[DEBUG]  Titanium SDK Android directory: /home/victor/.titanium/mobilesdk/linux/5.3.1.GA/android
[INFO]   Deploy type: test
[INFO]   Building for target: device
[INFO]   Building for device: TA95101H21
[INFO]   Targeting Android SDK API: 23
[INFO]   Building for the following architectures: armeabi, armeabi-v7a, x86
[INFO]   Signing with keystore: /home/victor/.titanium/mobilesdk/linux/5.3.1.GA/android/dev_keystore (tidev)
[DEBUG]  App ID: com.lectorRss.app
[DEBUG]  Classname: Lectorrss
[INFO]   Debugging disabled
[INFO]   Profiler disabled
[INFO]   Forcing rebuild: /home/victor/Escritorio/Appcelerator_Studio_Workspace/LectorRSS/build/android/build-manifest.json does not exist
[TRACE]  offline build file /tmp/build-e1e4e98d568d31e2cdffb11f66e8d21161d47b7e.json
[TRACE]  online 1
[TRACE]  sending request {"json":{"username":"victor310792@gmail.com","session":"8beae55f40f1c2256bdafcff76b4b28013ddbb2d aNXBLH8fDf1PqLAd3P7ku/Pca9bcTc0Mdc4BlHIsvScoICZyixb3/jgqHOWn8RayqH+WtHR3B7yinl6VYPNzA8RUV1O067PrzM7DD7aPzA9667I5r3SCiUGbLIUg3wiHA5jUS7QMm6/EmV4x+Kma7dqLnrS3CRKv5l/sz60QL+7WE5yanBRgavEdjG2cDRK1deC5XhSorCbYBiOj6ArdBrqzbifOu+BD7MT6nGXBaLUHuWng4BAVFVMBOaGwK7DvtlfF9bQzwrBO5ZiErhFJbk8kNITzwE/tcecpUjbP1cX2AkgTtjgOYhAk5RIyn/5LMdkURVRXYmcIpcu1/2ZFVq6MMhIvFgvSPU82oHIu/0BKFkGksPhliZUa6xkaz9tVcbsSvtN929zNWt4PhpLuY+L3fX6Ibjzi54zql7YyepJqbgLoZZvAySbr7zpYS0kxZIZje7hNceGWsxDDZJBka4EgEgqh7RPsrqashvqCxAYlDgqtrk4oNFFyXN7rH6UG+tJhl1w/4e3BOTQwz4DEIRIKlHTXYpcLHITg36/q4xAsZgpgyR/5OlEhxidjys+UZHE32c8nlVMGX/LTHorlV/KuQXBA79sNjNNluVZ5qdOWgG1khL4eTA0dukwzNzdoDlP4TaHYV9crzTMbEfElVwf5kGuO9dLTMsx1LchnEpkTXA/IM5S9oluOx/h9lzIqtOy5r55TNmW7RQCK5jKOcFvv8OlFuxZ4/Qx0CYwEvF/JK+51Kc57/a+SPBU0NYLRN+V7ExXin7ly/Km+M26VUKgn54Ri+wKdp8LrJLdkyn8=","ipaddress":"10.1.22.40","fingerprint":"da39a3ee5e6b4b0d3255bfef95601890afd80709","fingerprint_description":"Linux with Mac Address:","guid":"a65494ce-2529-4ed8-9ddd-8d1f83ee7368","appid":"com.lectorRss.app","name":"LectorRSS","org_id":100113416,"deploytype":"test","tiappxml":"<?xml version=\"1.0\" encoding=\"UTF-8\"?>\n<ti:app \n  xmlns:ti=\"http://ti.appcelerator.org\">\n  <id>com.lectorRss.app</id>\n  <name>LectorRSS</name>\n  <version>1.0</version>\n  <publisher>victor</publisher>\n  <url>http://victor.com</url>\n  <description>undefined</description>\n  <copyright>2016 by victor</copyright>\n  <icon>rss.png</icon>\n  <fullscreen>false</fullscreen>\n  <navbar-hidden>false</navbar-hidden>\n  <analytics>true</analytics>\n  <guid>a65494ce-2529-4ed8-9ddd-8d1f83ee7368</guid>\n  <property name=\"ti.ui.defaultunit\" type=\"string\">dp</property>\n  <ios>\n    <plist>\n      <dict>\n        <key>UISupportedInterfaceOrientations~iphone</key>\n        <array>\n          <string>UIInterfaceOrientationPortrait</string>\n        </array>\n        <key>UISupportedInterfaceOrientations~ipad</key>\n        <array>\n          <string>UIInterfaceOrientationPortrait</string>\n          <string>UIInterfaceOrientationPortraitUpsideDown</string>\n          <string>UIInterfaceOrientationLandscapeLeft</string>\n          <string>UIInterfaceOrientationLandscapeRight</string>\n        </array>\n        <key>UIRequiresPersistentWiFi</key>\n        <false/>\n        <key>UIPrerenderedIcon</key>\n        <false/>\n        <key>UIStatusBarHidden</key>\n        <false/>\n        <key>UIStatusBarStyle</key>\n        <string>UIStatusBarStyleDefault</string>\n      </dict>\n    </plist>\n  </ios>\n  <android \n    xmlns:android=\"http://schemas.android.com/apk/res/android\"/>\n    <mobileweb>\n      <precache/>\n      <splash>\n        <enabled>true</enabled>\n        <inline-css-images>true</inline-css-images>\n      </splash>\n      <theme>default</theme>\n    </mobileweb>\n    <modules>\n      <module platform=\"iphone\">dk.napp.social</module>\n    </modules>\n    <deployment-targets>\n      <target device=\"iphone\">false</target>\n      <target device=\"ipad\">false</target>\n      <target device=\"android\">true</target>\n      <target device=\"mobileweb\">true</target>\n      <target device=\"windows\">false</target>\n    </deployment-targets>\n    <sdk-version>5.3.1.GA</sdk-version>\n    <property name=\"appc-app-id\" type=\"string\">57238e7a17f91f564628cd2d</property>\n  </ti:app>","modules":[]},"gzip":true,"followAllRedirects":true,"url":"https://security.appcelerator.com/build-verify"}
[TRACE]  result from /build-verify=> {"key":"jsVPeMaZ0ZL+yuzIi93oPw==","pepper":"N6FZRtTb4wtQpNXo9xjjOw==","hmacKey":"PU8hAZCt+Bam9FhqJ+nmjA==","o":100113416,"u":"b76c10f6-62e2-4c10-b1b8-c822bc57c519","p":"free","i":"57cd8790b4860e09274bba45","success":true}, err=null
[INFO]   JavaScript files need to be encrypted
[DEBUG]  Copying /home/victor/Escritorio/Appcelerator_Studio_Workspace/LectorRSS/Resources
[DEBUG]  Symlinking /home/victor/Escritorio/Appcelerator_Studio_Workspace/LectorRSS/Resources/KS_nav_ui.png => /home/victor/Escritorio/Appcelerator_Studio_Workspace/LectorRSS/build/android/bin/assets/Resources/KS_nav_ui.png
[DEBUG]  Symlinking /home/victor/Escritorio/Appcelerator_Studio_Workspace/LectorRSS/Resources/KS_nav_views.png => /home/victor/Escritorio/Appcelerator_Studio_Workspace/LectorRSS/build/android/bin/assets/Resources/KS_nav_views.png
[DEBUG]  Ignoring /home/victor/Escritorio/Appcelerator_Studio_Workspace/LectorRSS/Resources/android
[DEBUG]  Symlinking /home/victor/Escritorio/Appcelerator_Studio_Workspace/LectorRSS/Resources/imagenes/1462311241_Marvel.png => /home/victor/Escritorio/Appcelerator_Studio_Workspace/LectorRSS/build/android/bin/assets/Resources/imagenes/1462311241_Marvel.png
[DEBUG]  Symlinking /home/victor/Escritorio/Appcelerator_Studio_Workspace/LectorRSS/Resources/imagenes/1462311244_marvel_comics.png => /home/victor/Escritorio/Appcelerator_Studio_Workspace/LectorRSS/build/android/bin/assets/Resources/imagenes/1462311244_marvel_comics.png
[DEBUG]  Symlinking /home/victor/Escritorio/Appcelerator_Studio_Workspace/LectorRSS/Resources/imagenes/1462311271_MARVEL.png => /home/victor/Escritorio/Appcelerator_Studio_Workspace/LectorRSS/build/android/bin/assets/Resources/imagenes/1462311271_MARVEL.png
[DEBUG]  Symlinking /home/victor/Escritorio/Appcelerator_Studio_Workspace/LectorRSS/Resources/imagenes/1462324954_CDisplay_Manga.png => /home/victor/Escritorio/Appcelerator_Studio_Workspace/LectorRSS/build/android/bin/assets/Resources/imagenes/1462324954_CDisplay_Manga.png
[DEBUG]  Symlinking /home/victor/Escritorio/Appcelerator_Studio_Workspace/LectorRSS/Resources/imagenes/1462328115_edu_science.png => /home/victor/Escritorio/Appcelerator_Studio_Workspace/LectorRSS/build/android/bin/assets/Resources/imagenes/1462328115_edu_science.png
[DEBUG]  Symlinking /home/victor/Escritorio/Appcelerator_Studio_Workspace/LectorRSS/Resources/imagenes/1462328200_Folder_School.png => /home/victor/Escritorio/Appcelerator_Studio_Workspace/LectorRSS/build/android/bin/assets/Resources/imagenes/1462328200_Folder_School.png
[DEBUG]  Symlinking /home/victor/Escritorio/Appcelerator_Studio_Workspace/LectorRSS/Resources/imagenes/1462328205_gnome-fs-loading-icon.png => /home/victor/Escritorio/Appcelerator_Studio_Workspace/LectorRSS/build/android/bin/assets/Resources/imagenes/1462328205_gnome-fs-loading-icon.png
[DEBUG]  Symlinking /home/victor/Escritorio/Appcelerator_Studio_Workspace/LectorRSS/Resources/imagenes/Death_Note.png => /home/victor/Escritorio/Appcelerator_Studio_Workspace/LectorRSS/build/android/bin/assets/Resources/imagenes/Death_Note.png
[DEBUG]  Symlinking /home/victor/Escritorio/Appcelerator_Studio_Workspace/LectorRSS/Resources/imagenes/Icon-multimedia.png => /home/victor/Escritorio/Appcelerator_Studio_Workspace/LectorRSS/build/android/bin/assets/Resources/imagenes/Icon-multimedia.png
[DEBUG]  Symlinking /home/victor/Escritorio/Appcelerator_Studio_Workspace/LectorRSS/Resources/imagenes/Icon-news.png => /home/victor/Escritorio/Appcelerator_Studio_Workspace/LectorRSS/build/android/bin/assets/Resources/imagenes/Icon-news.png
[DEBUG]  Symlinking /home/victor/Escritorio/Appcelerator_Studio_Workspace/LectorRSS/Resources/imagenes/Robot.png => /home/victor/Escritorio/Appcelerator_Studio_Workspace/LectorRSS/build/android/bin/assets/Resources/imagenes/Robot.png
[DEBUG]  Symlinking /home/victor/Escritorio/Appcelerator_Studio_Workspace/LectorRSS/Resources/imagenes/Sport_balls.png => /home/victor/Escritorio/Appcelerator_Studio_Workspace/LectorRSS/build/android/bin/assets/Resources/imagenes/Sport_balls.png
[DEBUG]  Symlinking /home/victor/Escritorio/Appcelerator_Studio_Workspace/LectorRSS/Resources/imagenes/cinema.png => /home/victor/Escritorio/Appcelerator_Studio_Workspace/LectorRSS/build/android/bin/assets/Resources/imagenes/cinema.png
[DEBUG]  Symlinking /home/victor/Escritorio/Appcelerator_Studio_Workspace/LectorRSS/Resources/imagenes/computer-chip-512.png => /home/victor/Escritorio/Appcelerator_Studio_Workspace/LectorRSS/build/android/bin/assets/Resources/imagenes/computer-chip-512.png
[DEBUG]  Symlinking /home/victor/Escritorio/Appcelerator_Studio_Workspace/LectorRSS/Resources/imagenes/fiestaicono.png => /home/victor/Escritorio/Appcelerator_Studio_Workspace/LectorRSS/build/android/bin/assets/Resources/imagenes/fiestaicono.png
[DEBUG]  Symlinking /home/victor/Escritorio/Appcelerator_Studio_Workspace/LectorRSS/Resources/imagenes/folder-favo.png => /home/victor/Escritorio/Appcelerator_Studio_Workspace/LectorRSS/build/android/bin/assets/Resources/imagenes/folder-favo.png
[DEBUG]  Symlinking /home/victor/Escritorio/Appcelerator_Studio_Workspace/LectorRSS/Resources/imagenes/folder-favorites-icon.png => /home/victor/Escritorio/Appcelerator_Studio_Workspace/LectorRSS/build/android/bin/assets/Resources/imagenes/folder-favorites-icon.png
[DEBUG]  Symlinking /home/victor/Escritorio/Appcelerator_Studio_Workspace/LectorRSS/Resources/imagenes/fondo3.png => /home/victor/Escritorio/Appcelerator_Studio_Workspace/LectorRSS/build/android/bin/assets/Resources/imagenes/fondo3.png
[DEBUG]  Symlinking /home/victor/Escritorio/Appcelerator_Studio_Workspace/LectorRSS/Resources/imagenes/fondo5.png => /home/victor/Escritorio/Appcelerator_Studio_Workspace/LectorRSS/build/android/bin/assets/Resources/imagenes/fondo5.png
[DEBUG]  Symlinking /home/victor/Escritorio/Appcelerator_Studio_Workspace/LectorRSS/Resources/imagenes/money.png => /home/victor/Escritorio/Appcelerator_Studio_Workspace/LectorRSS/build/android/bin/assets/Resources/imagenes/money.png
[DEBUG]  Symlinking /home/victor/Escritorio/Appcelerator_Studio_Workspace/LectorRSS/Resources/imagenes/science.png => /home/victor/Escritorio/Appcelerator_Studio_Workspace/LectorRSS/build/android/bin/assets/Resources/imagenes/science.png
[DEBUG]  Symlinking /home/victor/Escritorio/Appcelerator_Studio_Workspace/LectorRSS/Resources/imagenes/soccer-ball-variant.png => /home/victor/Escritorio/Appcelerator_Studio_Workspace/LectorRSS/build/android/bin/assets/Resources/imagenes/soccer-ball-variant.png
[DEBUG]  Symlinking /home/victor/Escritorio/Appcelerator_Studio_Workspace/LectorRSS/Resources/imagenes/star3.png => /home/victor/Escritorio/Appcelerator_Studio_Workspace/LectorRSS/build/android/bin/assets/Resources/imagenes/star3.png
[DEBUG]  Symlinking /home/victor/Escritorio/Appcelerator_Studio_Workspace/LectorRSS/Resources/imagenes/star_gold.png => /home/victor/Escritorio/Appcelerator_Studio_Workspace/LectorRSS/build/android/bin/assets/Resources/imagenes/star_gold.png
[DEBUG]  Symlinking /home/victor/Escritorio/Appcelerator_Studio_Workspace/LectorRSS/Resources/imagenes/star_grey.png => /home/victor/Escritorio/Appcelerator_Studio_Workspace/LectorRSS/build/android/bin/assets/Resources/imagenes/star_grey.png
[DEBUG]  Ignoring /home/victor/Escritorio/Appcelerator_Studio_Workspace/LectorRSS/Resources/mobileweb
[DEBUG]  Symlinking /home/victor/Escritorio/Appcelerator_Studio_Workspace/LectorRSS/Resources/mydata/RSSBD.sqlite => /home/victor/Escritorio/Appcelerator_Studio_Workspace/LectorRSS/build/android/bin/assets/Resources/mydata/RSSBD.sqlite
[DEBUG]  Copying /home/victor/Escritorio/Appcelerator_Studio_Workspace/LectorRSS/Resources/android
[DEBUG]  Symlinking /home/victor/Escritorio/Appcelerator_Studio_Workspace/LectorRSS/Resources/android/appicon.png => /home/victor/Escritorio/Appcelerator_Studio_Workspace/LectorRSS/build/android/bin/assets/Resources/appicon.png
[DEBUG]  Symlinking /home/victor/Escritorio/Appcelerator_Studio_Workspace/LectorRSS/Resources/android/default.png => /home/victor/Escritorio/Appcelerator_Studio_Workspace/LectorRSS/build/android/res/drawable/background.png
[DEBUG]  Symlinking /home/victor/Escritorio/Appcelerator_Studio_Workspace/LectorRSS/Resources/android/images/res-long-land-hdpi/default.png => /home/victor/Escritorio/Appcelerator_Studio_Workspace/LectorRSS/build/android/res/drawable-long-land-hdpi/background.png
[DEBUG]  Symlinking /home/victor/Escritorio/Appcelerator_Studio_Workspace/LectorRSS/Resources/android/images/res-long-land-ldpi/default.png => /home/victor/Escritorio/Appcelerator_Studio_Workspace/LectorRSS/build/android/res/drawable-long-land-ldpi/background.png
[DEBUG]  Symlinking /home/victor/Escritorio/Appcelerator_Studio_Workspace/LectorRSS/Resources/android/images/res-long-port-hdpi/default.png => /home/victor/Escritorio/Appcelerator_Studio_Workspace/LectorRSS/build/android/res/drawable-long-port-hdpi/background.png
[DEBUG]  Symlinking /home/victor/Escritorio/Appcelerator_Studio_Workspace/LectorRSS/Resources/android/images/res-long-port-ldpi/default.png => /home/victor/Escritorio/Appcelerator_Studio_Workspace/LectorRSS/build/android/res/drawable-long-port-ldpi/background.png
[DEBUG]  Symlinking /home/victor/Escritorio/Appcelerator_Studio_Workspace/LectorRSS/Resources/android/images/res-notlong-land-hdpi/default.png => /home/victor/Escritorio/Appcelerator_Studio_Workspace/LectorRSS/build/android/res/drawable-notlong-land-hdpi/background.png
[DEBUG]  Symlinking /home/victor/Escritorio/Appcelerator_Studio_Workspace/LectorRSS/Resources/android/images/res-notlong-land-ldpi/default.png => /home/victor/Escritorio/Appcelerator_Studio_Workspace/LectorRSS/build/android/res/drawable-notlong-land-ldpi/background.png
[DEBUG]  Symlinking /home/victor/Escritorio/Appcelerator_Studio_Workspace/LectorRSS/Resources/android/images/res-notlong-land-mdpi/default.png => /home/victor/Escritorio/Appcelerator_Studio_Workspace/LectorRSS/build/android/res/drawable-notlong-land-mdpi/background.png
[DEBUG]  Symlinking /home/victor/Escritorio/Appcelerator_Studio_Workspace/LectorRSS/Resources/android/images/res-notlong-port-hdpi/default.png => /home/victor/Escritorio/Appcelerator_Studio_Workspace/LectorRSS/build/android/res/drawable-notlong-port-hdpi/background.png
[DEBUG]  Symlinking /home/victor/Escritorio/Appcelerator_Studio_Workspace/LectorRSS/Resources/android/images/res-notlong-port-ldpi/default.png => /home/victor/Escritorio/Appcelerator_Studio_Workspace/LectorRSS/build/android/res/drawable-notlong-port-ldpi/background.png
[DEBUG]  Symlinking /home/victor/Escritorio/Appcelerator_Studio_Workspace/LectorRSS/Resources/android/images/res-notlong-port-mdpi/default.png => /home/victor/Escritorio/Appcelerator_Studio_Workspace/LectorRSS/build/android/res/drawable-notlong-port-mdpi/background.png
[DEBUG]  Symlinking /home/victor/Escritorio/Appcelerator_Studio_Workspace/LectorRSS/Resources/android/rss.png => /home/victor/Escritorio/Appcelerator_Studio_Workspace/LectorRSS/build/android/bin/assets/Resources/rss.png
[DEBUG]  Symlinking /home/victor/Escritorio/Appcelerator_Studio_Workspace/LectorRSS/build/android/bin/assets/Resources/rss.png => /home/victor/Escritorio/Appcelerator_Studio_Workspace/LectorRSS/build/android/res/drawable/rss.png
[INFO]   Processing JavaScript files
[DEBUG]  Symlinking /home/victor/Escritorio/Appcelerator_Studio_Workspace/LectorRSS/Resources/app.js => /home/victor/Escritorio/Appcelerator_Studio_Workspace/LectorRSS/build/android/assets/app.js
[DEBUG]  Symlinking /home/victor/Escritorio/Appcelerator_Studio_Workspace/LectorRSS/Resources/iu.js => /home/victor/Escritorio/Appcelerator_Studio_Workspace/LectorRSS/build/android/assets/iu.js
[DEBUG]  Symlinking /home/victor/Escritorio/Appcelerator_Studio_Workspace/LectorRSS/Resources/lib/com.alcoapps.socialshare.js => /home/victor/Escritorio/Appcelerator_Studio_Workspace/LectorRSS/build/android/assets/lib/com.alcoapps.socialshare.js
[INFO]   Encrypting JavaScript files: /home/victor/.titanium/mobilesdk/linux/5.3.1.GA/android/titanium_prep.linux64 "com.lectorRss.app" "/home/victor/Escritorio/Appcelerator_Studio_Workspace/LectorRSS/build/android/assets" "app.js" "iu.js" "lib/com.alcoapps.socialshare.js" "_app_props_.json"
[DEBUG]  Adding library /home/victor/.titanium/mobilesdk/linux/5.3.1.GA/android/kroll-v8.jar
[DEBUG]  Adding library /home/victor/.titanium/mobilesdk/linux/5.3.1.GA/android/modules/titanium-analytics.jar
[DEBUG]  Adding dependency library /home/victor/.titanium/mobilesdk/linux/5.3.1.GA/android/aps-analytics.jar
[DEBUG]  Adding library /home/victor/.titanium/mobilesdk/linux/5.3.1.GA/android/modules/titanium-android.jar
[DEBUG]  Adding dependency library /home/victor/.titanium/mobilesdk/linux/5.3.1.GA/android/jaxen-1.1.1.jar
[DEBUG]  Adding dependency library /home/victor/.titanium/mobilesdk/linux/5.3.1.GA/android/ti-commons-codec-1.3.jar
[DEBUG]  Adding dependency library /home/victor/.titanium/mobilesdk/linux/5.3.1.GA/android/kroll-common.jar
[DEBUG]  Adding dependency library /home/victor/.titanium/mobilesdk/linux/5.3.1.GA/android/titanium.jar
[DEBUG]  Adding library /home/victor/.titanium/mobilesdk/linux/5.3.1.GA/android/modules/titanium-app.jar
[DEBUG]  Adding library /home/victor/.titanium/mobilesdk/linux/5.3.1.GA/android/modules/titanium-ui.jar
[DEBUG]  Adding dependency library /home/victor/.titanium/mobilesdk/linux/5.3.1.GA/android/nineoldandroids-appc-2.4.0.jar
[DEBUG]  Adding library /home/victor/.titanium/mobilesdk/linux/5.3.1.GA/android/modules/titanium-filesystem.jar
[DEBUG]  Adding library /home/victor/.titanium/mobilesdk/linux/5.3.1.GA/android/modules/titanium-media.jar
[DEBUG]  Adding library /home/victor/.titanium/mobilesdk/linux/5.3.1.GA/android/modules/titanium-appcompat.jar
[DEBUG]  Adding dependency library /home/victor/.titanium/mobilesdk/linux/5.3.1.GA/android/android-support-v4.jar
[DEBUG]  Adding dependency library /home/victor/.titanium/mobilesdk/linux/5.3.1.GA/android/android-support-v7-appcompat.jar
[DEBUG]  Adding library /home/victor/.titanium/mobilesdk/linux/5.3.1.GA/android/modules/titanium-cardview.jar
[DEBUG]  Adding dependency library /home/victor/.titanium/mobilesdk/linux/5.3.1.GA/android/cardview-v7-23.0.1.jar
[DEBUG]  Adding library /home/victor/.titanium/mobilesdk/linux/5.3.1.GA/android/modules/titanium-locale.jar
[DEBUG]  Adding library /home/victor/.titanium/mobilesdk/linux/5.3.1.GA/android/modules/titanium-network.jar
[DEBUG]  Adding library /home/victor/.titanium/mobilesdk/linux/5.3.1.GA/android/modules/titanium-xml.jar
[DEBUG]  Adding library /home/victor/.titanium/mobilesdk/linux/5.3.1.GA/android/modules/titanium-database.jar
[DEBUG]  Unknown namespace api, skipping
[DEBUG]  Unknown namespace android.currentactivity, skipping
[INFO]   Writing /home/victor/Escritorio/Appcelerator_Studio_Workspace/LectorRSS/build/android/bin/assets/app.json
[INFO]   Extracting module resources: /home/victor/.titanium/mobilesdk/linux/5.3.1.GA/android/modules/titanium-analytics.res.zip
[DEBUG]  Copying /tmp/11685-6967-1xhrbv3/res/values/strings.xml => /home/victor/Escritorio/Appcelerator_Studio_Workspace/LectorRSS/build/android/res/values/strings.xml
[INFO]   Extracting module resources: /home/victor/.titanium/mobilesdk/linux/5.3.1.GA/android/modules/titanium-android.res.zip
[DEBUG]  Merging /tmp/11685-6967-1qc8943/res/values/strings.xml => /home/victor/Escritorio/Appcelerator_Studio_Workspace/LectorRSS/build/android/res/values/strings.xml
[INFO]   Extracting module resources: /home/victor/.titanium/mobilesdk/linux/5.3.1.GA/android/modules/titanium-app.res.zip
[DEBUG]  Merging /tmp/11685-6967-8423z0/res/values/strings.xml => /home/victor/Escritorio/Appcelerator_Studio_Workspace/LectorRSS/build/android/res/values/strings.xml
[INFO]   Extracting module resources: /home/victor/.titanium/mobilesdk/linux/5.3.1.GA/android/modules/titanium-filesystem.res.zip
[DEBUG]  Merging /tmp/11685-6967-yeuh2u/res/values/strings.xml => /home/victor/Escritorio/Appcelerator_Studio_Workspace/LectorRSS/build/android/res/values/strings.xml
[INFO]   Extracting module resources: /home/victor/.titanium/mobilesdk/linux/5.3.1.GA/android/modules/titanium-media.res.zip
[DEBUG]  Merging /tmp/11685-6967-1wfg10k/res/values/strings.xml => /home/victor/Escritorio/Appcelerator_Studio_Workspace/LectorRSS/build/android/res/values/strings.xml
[INFO]   Extracting module resources: /home/victor/.titanium/mobilesdk/linux/5.3.1.GA/android/modules/titanium-locale.res.zip
[DEBUG]  Merging /tmp/11685-6967-156q0hf/res/values/strings.xml => /home/victor/Escritorio/Appcelerator_Studio_Workspace/LectorRSS/build/android/res/values/strings.xml
[INFO]   Extracting module resources: /home/victor/.titanium/mobilesdk/linux/5.3.1.GA/android/modules/titanium-network.res.zip
[DEBUG]  Merging /tmp/11685-6967-1bptpmp/res/values/strings.xml => /home/victor/Escritorio/Appcelerator_Studio_Workspace/LectorRSS/build/android/res/values/strings.xml
[INFO]   Extracting module resources: /home/victor/.titanium/mobilesdk/linux/5.3.1.GA/android/modules/titanium-xml.res.zip
[DEBUG]  Merging /tmp/11685-6967-9xwiw3/res/values/strings.xml => /home/victor/Escritorio/Appcelerator_Studio_Workspace/LectorRSS/build/android/res/values/strings.xml
[INFO]   Extracting module resources: /home/victor/.titanium/mobilesdk/linux/5.3.1.GA/android/modules/titanium-database.res.zip
[DEBUG]  Merging /tmp/11685-6967-12yhx96/res/values/strings.xml => /home/victor/Escritorio/Appcelerator_Studio_Workspace/LectorRSS/build/android/res/values/strings.xml
[DEBUG]  Copying template /home/victor/.titanium/mobilesdk/linux/5.3.1.GA/android/templates/build/AppInfo.java => /home/victor/Escritorio/Appcelerator_Studio_Workspace/LectorRSS/build/android/gen/com/lectorRss/app/LectorrssAppInfo.java
[DEBUG]  Copying template /home/victor/.titanium/mobilesdk/linux/5.3.1.GA/android/templates/build/App.java => /home/victor/Escritorio/Appcelerator_Studio_Workspace/LectorRSS/build/android/gen/com/lectorRss/app/LectorrssApplication.java
[DEBUG]  Copying template /home/victor/.titanium/mobilesdk/linux/5.3.1.GA/android/templates/build/Activity.java => /home/victor/Escritorio/Appcelerator_Studio_Workspace/LectorRSS/build/android/gen/com/lectorRss/app/LectorrssActivity.java
[DEBUG]  Copying template /home/victor/.titanium/mobilesdk/linux/5.3.1.GA/android/templates/build/project => /home/victor/Escritorio/Appcelerator_Studio_Workspace/LectorRSS/build/android/.project
[DEBUG]  Copying template /home/victor/.titanium/mobilesdk/linux/5.3.1.GA/android/templates/build/default.properties => /home/victor/Escritorio/Appcelerator_Studio_Workspace/LectorRSS/build/android/default.properties
[DEBUG]  Copying /home/victor/.titanium/mobilesdk/linux/5.3.1.GA/android/templates/build/gitignore => /home/victor/Escritorio/Appcelerator_Studio_Workspace/LectorRSS/build/android/.gitignore
[DEBUG]  Copying /home/victor/.titanium/mobilesdk/linux/5.3.1.GA/android/templates/build/classpath => /home/victor/Escritorio/Appcelerator_Studio_Workspace/LectorRSS/build/android/.classpath
[INFO]   No aidl files to compile, continuing
[INFO]   Generating i18n files
[DEBUG]  Merging en strings => /home/victor/Escritorio/Appcelerator_Studio_Workspace/LectorRSS/build/android/res/values/strings.xml
[INFO]   Generating /home/victor/Escritorio/Appcelerator_Studio_Workspace/LectorRSS/build/android/res/values/theme.xml
[INFO]   Packaging application: /home/victor/android-sdk-linux/build-tools/23.0.1/aapt "package" "-f" "-m" "-J" "/home/victor/Escritorio/Appcelerator_Studio_Workspace/LectorRSS/build/android/gen" "-M" "/home/victor/Escritorio/Appcelerator_Studio_Workspace/LectorRSS/build/android/AndroidManifest.xml" "-A" "/home/victor/Escritorio/Appcelerator_Studio_Workspace/LectorRSS/build/android/bin/assets" "-S" "/home/victor/Escritorio/Appcelerator_Studio_Workspace/LectorRSS/build/android/res" "-I" "/home/victor/android-sdk-linux/platforms/android-23/android.jar" "-F" "/home/victor/Escritorio/Appcelerator_Studio_Workspace/LectorRSS/build/android/bin/app.ap_" "--auto-add-overlay" "--extra-packages" "ti.modules.titanium.ui:android.support.v7.appcompat:android.support.v7.cardview" "-S" "/tmp/11685-6967-1lb4dgk/res" "-S" "/tmp/11685-6967-1sgwu5h/res" "-S" "/tmp/11685-6967-1bl0mdu/res"
[INFO]   Building Java source files: /usr/lib/jvm/java-8-oracle/bin/javac "-J-Xmx1024M" "-encoding" "utf8" "-bootclasspath" "/home/victor/android-sdk-linux/platforms/android-23/android.jar:/home/victor/.titanium/mobilesdk/linux/5.3.1.GA/android/kroll-v8.jar:/home/victor/.titanium/mobilesdk/linux/5.3.1.GA/android/modules/titanium-analytics.jar:/home/victor/.titanium/mobilesdk/linux/5.3.1.GA/android/aps-analytics.jar:/home/victor/.titanium/mobilesdk/linux/5.3.1.GA/android/modules/titanium-android.jar:/home/victor/.titanium/mobilesdk/linux/5.3.1.GA/android/jaxen-1.1.1.jar:/home/victor/.titanium/mobilesdk/linux/5.3.1.GA/android/ti-commons-codec-1.3.jar:/home/victor/.titanium/mobilesdk/linux/5.3.1.GA/android/kroll-common.jar:/home/victor/.titanium/mobilesdk/linux/5.3.1.GA/android/titanium.jar:/home/victor/.titanium/mobilesdk/linux/5.3.1.GA/android/modules/titanium-app.jar:/home/victor/.titanium/mobilesdk/linux/5.3.1.GA/android/modules/titanium-ui.jar:/home/victor/.titanium/mobilesdk/linux/5.3.1.GA/android/nineoldandroids-appc-2.4.0.jar:/home/victor/.titanium/mobilesdk/linux/5.3.1.GA/android/modules/titanium-filesystem.jar:/home/victor/.titanium/mobilesdk/linux/5.3.1.GA/android/modules/titanium-media.jar:/home/victor/.titanium/mobilesdk/linux/5.3.1.GA/android/modules/titanium-appcompat.jar:/home/victor/.titanium/mobilesdk/linux/5.3.1.GA/android/android-support-v4.jar:/home/victor/.titanium/mobilesdk/linux/5.3.1.GA/android/android-support-v7-appcompat.jar:/home/victor/.titanium/mobilesdk/linux/5.3.1.GA/android/modules/titanium-cardview.jar:/home/victor/.titanium/mobilesdk/linux/5.3.1.GA/android/cardview-v7-23.0.1.jar:/home/victor/.titanium/mobilesdk/linux/5.3.1.GA/android/modules/titanium-locale.jar:/home/victor/.titanium/mobilesdk/linux/5.3.1.GA/android/modules/titanium-network.jar:/home/victor/.titanium/mobilesdk/linux/5.3.1.GA/android/modules/titanium-xml.jar:/home/victor/.titanium/mobilesdk/linux/5.3.1.GA/android/modules/titanium-database.jar:/home/victor/.titanium/mobilesdk/linux/5.3.1.GA/android/lib/titanium-verify.jar:R.class:AssetCryptImpl.class:LectorrssActivity.class:LectorrssAppInfo.class:LectorrssApplication.class" "-d" "/home/victor/Escritorio/Appcelerator_Studio_Workspace/LectorRSS/build/android/bin/classes" "-proc:none" "-target" "1.6" "-source" "1.6" "@/home/victor/Escritorio/Appcelerator_Studio_Workspace/LectorRSS/build/android/java-sources.txt"
[INFO]   Running dexer: /usr/lib/jvm/java-8-oracle/bin/java "-Xmx1024M" "-XX:-UseGCOverheadLimit" "-Djava.ext.dirs=/home/victor/android-sdk-linux/platform-tools" "-jar" "/home/victor/android-sdk-linux/build-tools/23.0.1/lib/dx.jar" "--dex" "--output=/home/victor/Escritorio/Appcelerator_Studio_Workspace/LectorRSS/build/android/bin/classes.dex" "/home/victor/Escritorio/Appcelerator_Studio_Workspace/LectorRSS/build/android/bin/classes" "/home/victor/.titanium/mobilesdk/linux/5.3.1.GA/android/lib/titanium-verify.jar" "/home/victor/.titanium/mobilesdk/linux/5.3.1.GA/android/kroll-v8.jar" "/home/victor/.titanium/mobilesdk/linux/5.3.1.GA/android/modules/titanium-analytics.jar" "/home/victor/.titanium/mobilesdk/linux/5.3.1.GA/android/aps-analytics.jar" "/home/victor/.titanium/mobilesdk/linux/5.3.1.GA/android/modules/titanium-android.jar" "/home/victor/.titanium/mobilesdk/linux/5.3.1.GA/android/jaxen-1.1.1.jar" "/home/victor/.titanium/mobilesdk/linux/5.3.1.GA/android/ti-commons-codec-1.3.jar" "/home/victor/.titanium/mobilesdk/linux/5.3.1.GA/android/kroll-common.jar" "/home/victor/.titanium/mobilesdk/linux/5.3.1.GA/android/titanium.jar" "/home/victor/.titanium/mobilesdk/linux/5.3.1.GA/android/modules/titanium-app.jar" "/home/victor/.titanium/mobilesdk/linux/5.3.1.GA/android/modules/titanium-ui.jar" "/home/victor/.titanium/mobilesdk/linux/5.3.1.GA/android/nineoldandroids-appc-2.4.0.jar" "/home/victor/.titanium/mobilesdk/linux/5.3.1.GA/android/modules/titanium-filesystem.jar" "/home/victor/.titanium/mobilesdk/linux/5.3.1.GA/android/modules/titanium-media.jar" "/home/victor/.titanium/mobilesdk/linux/5.3.1.GA/android/modules/titanium-appcompat.jar" "/home/victor/.titanium/mobilesdk/linux/5.3.1.GA/android/android-support-v4.jar" "/home/victor/.titanium/mobilesdk/linux/5.3.1.GA/android/android-support-v7-appcompat.jar" "/home/victor/.titanium/mobilesdk/linux/5.3.1.GA/android/modules/titanium-cardview.jar" "/home/victor/.titanium/mobilesdk/linux/5.3.1.GA/android/cardview-v7-23.0.1.jar" "/home/victor/.titanium/mobilesdk/linux/5.3.1.GA/android/modules/titanium-locale.jar" "/home/victor/.titanium/mobilesdk/linux/5.3.1.GA/android/modules/titanium-network.jar" "/home/victor/.titanium/mobilesdk/linux/5.3.1.GA/android/modules/titanium-xml.jar" "/home/victor/.titanium/mobilesdk/linux/5.3.1.GA/android/modules/titanium-database.jar"
[INFO]   Creating unsigned apk
[DEBUG]  Processing /home/victor/Escritorio/Appcelerator_Studio_Workspace/LectorRSS/build/android/bin/app.ap_
[DEBUG]  Deflating AndroidManifest.xml
[DEBUG]  Adding assets/Resources/KS_nav_ui.png
[DEBUG]  Adding assets/Resources/KS_nav_views.png
[DEBUG]  Adding assets/Resources/appicon.png
[DEBUG]  Adding assets/Resources/imagenes/1462311241_Marvel.png
[DEBUG]  Adding assets/Resources/imagenes/1462311244_marvel_comics.png
[DEBUG]  Adding assets/Resources/imagenes/1462311271_MARVEL.png
[DEBUG]  Adding assets/Resources/imagenes/1462324954_CDisplay_Manga.png
[DEBUG]  Adding assets/Resources/imagenes/1462328115_edu_science.png
[DEBUG]  Adding assets/Resources/imagenes/1462328200_Folder_School.png
[DEBUG]  Adding assets/Resources/imagenes/1462328205_gnome-fs-loading-icon.png
[DEBUG]  Adding assets/Resources/imagenes/Death_Note.png
[DEBUG]  Adding assets/Resources/imagenes/Icon-multimedia.png
[DEBUG]  Adding assets/Resources/imagenes/Icon-news.png
[DEBUG]  Adding assets/Resources/imagenes/Robot.png
[DEBUG]  Adding assets/Resources/imagenes/Sport_balls.png
[DEBUG]  Adding assets/Resources/imagenes/cinema.png
[DEBUG]  Adding assets/Resources/imagenes/computer-chip-512.png
[DEBUG]  Adding assets/Resources/imagenes/fiestaicono.png
[DEBUG]  Adding assets/Resources/imagenes/folder-favo.png
[DEBUG]  Adding assets/Resources/imagenes/folder-favorites-icon.png
[DEBUG]  Adding assets/Resources/imagenes/fondo3.png
[DEBUG]  Adding assets/Resources/imagenes/fondo5.png
[DEBUG]  Adding assets/Resources/imagenes/money.png
[DEBUG]  Adding assets/Resources/imagenes/science.png
[DEBUG]  Adding assets/Resources/imagenes/soccer-ball-variant.png
[DEBUG]  Adding assets/Resources/imagenes/star3.png
[DEBUG]  Adding assets/Resources/imagenes/star_gold.png
[DEBUG]  Adding assets/Resources/imagenes/star_grey.png
[DEBUG]  Deflating assets/Resources/mydata/RSSBD.sqlite
[DEBUG]  Adding assets/Resources/rss.png
[DEBUG]  Deflating assets/app.json
[DEBUG]  Deflating assets/index.json
[DEBUG]  Deflating res/anim/abc_fade_in.xml
[DEBUG]  Deflating res/anim/abc_fade_out.xml
[DEBUG]  Deflating res/anim/abc_grow_fade_in_from_bottom.xml
[DEBUG]  Deflating res/anim/abc_popup_enter.xml
[DEBUG]  Deflating res/anim/abc_popup_exit.xml
[DEBUG]  Deflating res/anim/abc_shrink_fade_out_from_bottom.xml
[DEBUG]  Deflating res/anim/abc_slide_in_bottom.xml
[DEBUG]  Deflating res/anim/abc_slide_in_top.xml
[DEBUG]  Deflating res/anim/abc_slide_out_bottom.xml
[DEBUG]  Deflating res/anim/abc_slide_out_top.xml
[DEBUG]  Deflating res/color-v11/abc_background_cache_hint_selector_material_dark.xml
[DEBUG]  Deflating res/color-v11/abc_background_cache_hint_selector_material_light.xml
[DEBUG]  Deflating res/color-v23/abc_color_highlight_material.xml
[DEBUG]  Deflating res/color/abc_background_cache_hint_selector_material_dark.xml
[DEBUG]  Deflating res/color/abc_background_cache_hint_selector_material_light.xml
[DEBUG]  Deflating res/color/abc_primary_text_disable_only_material_dark.xml
[DEBUG]  Deflating res/color/abc_primary_text_disable_only_material_light.xml
[DEBUG]  Deflating res/color/abc_primary_text_material_dark.xml
[DEBUG]  Deflating res/color/abc_primary_text_material_light.xml
[DEBUG]  Deflating res/color/abc_search_url_text.xml
[DEBUG]  Deflating res/color/abc_secondary_text_material_dark.xml
[DEBUG]  Deflating res/color/abc_secondary_text_material_light.xml
[DEBUG]  Deflating res/color/switch_thumb_material_dark.xml
[DEBUG]  Deflating res/color/switch_thumb_material_light.xml
[DEBUG]  Adding res/drawable-hdpi-v4/abc_ab_share_pack_mtrl_alpha.9.png
[DEBUG]  Adding res/drawable-hdpi-v4/abc_btn_check_to_on_mtrl_000.png
[DEBUG]  Adding res/drawable-hdpi-v4/abc_btn_check_to_on_mtrl_015.png
[DEBUG]  Adding res/drawable-hdpi-v4/abc_btn_radio_to_on_mtrl_000.png
[DEBUG]  Adding res/drawable-hdpi-v4/abc_btn_radio_to_on_mtrl_015.png
[DEBUG]  Adding res/drawable-hdpi-v4/abc_btn_rating_star_off_mtrl_alpha.png
[DEBUG]  Adding res/drawable-hdpi-v4/abc_btn_rating_star_on_mtrl_alpha.png
[DEBUG]  Adding res/drawable-hdpi-v4/abc_btn_switch_to_on_mtrl_00001.9.png
[DEBUG]  Adding res/drawable-hdpi-v4/abc_btn_switch_to_on_mtrl_00012.9.png
[DEBUG]  Adding res/drawable-hdpi-v4/abc_cab_background_top_mtrl_alpha.9.png
[DEBUG]  Adding res/drawable-hdpi-v4/abc_ic_ab_back_mtrl_am_alpha.png
[DEBUG]  Adding res/drawable-hdpi-v4/abc_ic_clear_mtrl_alpha.png
[DEBUG]  Adding res/drawable-hdpi-v4/abc_ic_commit_search_api_mtrl_alpha.png
[DEBUG]  Adding res/drawable-hdpi-v4/abc_ic_go_search_api_mtrl_alpha.png
[DEBUG]  Adding res/drawable-hdpi-v4/abc_ic_menu_copy_mtrl_am_alpha.png
[DEBUG]  Adding res/drawable-hdpi-v4/abc_ic_menu_cut_mtrl_alpha.png
[DEBUG]  Adding res/drawable-hdpi-v4/abc_ic_menu_moreoverflow_mtrl_alpha.png
[DEBUG]  Adding res/drawable-hdpi-v4/abc_ic_menu_paste_mtrl_am_alpha.png
[DEBUG]  Adding res/drawable-hdpi-v4/abc_ic_menu_selectall_mtrl_alpha.png
[DEBUG]  Adding res/drawable-hdpi-v4/abc_ic_menu_share_mtrl_alpha.png
[DEBUG]  Adding res/drawable-hdpi-v4/abc_ic_search_api_mtrl_alpha.png
[DEBUG]  Adding res/drawable-hdpi-v4/abc_ic_voice_search_api_mtrl_alpha.png
[DEBUG]  Adding res/drawable-hdpi-v4/abc_list_divider_mtrl_alpha.9.png
[DEBUG]  Adding res/drawable-hdpi-v4/abc_list_focused_holo.9.png
[DEBUG]  Adding res/drawable-hdpi-v4/abc_list_longpressed_holo.9.png
[DEBUG]  Adding res/drawable-hdpi-v4/abc_list_pressed_holo_dark.9.png
[DEBUG]  Adding res/drawable-hdpi-v4/abc_list_pressed_holo_light.9.png
[DEBUG]  Adding res/drawable-hdpi-v4/abc_list_selector_disabled_holo_dark.9.png
[DEBUG]  Adding res/drawable-hdpi-v4/abc_list_selector_disabled_holo_light.9.png
[DEBUG]  Adding res/drawable-hdpi-v4/abc_menu_hardkey_panel_mtrl_mult.9.png
[DEBUG]  Adding res/drawable-hdpi-v4/abc_popup_background_mtrl_mult.9.png
[DEBUG]  Adding res/drawable-hdpi-v4/abc_spinner_mtrl_am_alpha.9.png
[DEBUG]  Adding res/drawable-hdpi-v4/abc_switch_track_mtrl_alpha.9.png
[DEBUG]  Adding res/drawable-hdpi-v4/abc_tab_indicator_mtrl_alpha.9.png
[DEBUG]  Adding res/drawable-hdpi-v4/abc_textfield_activated_mtrl_alpha.9.png
[DEBUG]  Adding res/drawable-hdpi-v4/abc_textfield_default_mtrl_alpha.9.png
[DEBUG]  Adding res/drawable-hdpi-v4/abc_textfield_search_activated_mtrl_alpha.9.png
[DEBUG]  Adding res/drawable-hdpi-v4/abc_textfield_search_default_mtrl_alpha.9.png
[DEBUG]  Adding res/drawable-ldrtl-hdpi-v4/abc_ic_ab_back_mtrl_am_alpha.png
[DEBUG]  Adding res/drawable-ldrtl-hdpi-v4/abc_ic_menu_copy_mtrl_am_alpha.png
[DEBUG]  Adding res/drawable-ldrtl-hdpi-v4/abc_ic_menu_cut_mtrl_alpha.png
[DEBUG]  Adding res/drawable-ldrtl-hdpi-v4/abc_spinner_mtrl_am_alpha.9.png
[DEBUG]  Adding res/drawable-ldrtl-mdpi-v4/abc_ic_ab_back_mtrl_am_alpha.png
[DEBUG]  Adding res/drawable-ldrtl-mdpi-v4/abc_ic_menu_copy_mtrl_am_alpha.png
[DEBUG]  Adding res/drawable-ldrtl-mdpi-v4/abc_ic_menu_cut_mtrl_alpha.png
[DEBUG]  Adding res/drawable-ldrtl-mdpi-v4/abc_spinner_mtrl_am_alpha.9.png
[DEBUG]  Adding res/drawable-ldrtl-xhdpi-v4/abc_ic_ab_back_mtrl_am_alpha.png
[DEBUG]  Adding res/drawable-ldrtl-xhdpi-v4/abc_ic_menu_copy_mtrl_am_alpha.png
[DEBUG]  Adding res/drawable-ldrtl-xhdpi-v4/abc_ic_menu_cut_mtrl_alpha.png
[DEBUG]  Adding res/drawable-ldrtl-xhdpi-v4/abc_spinner_mtrl_am_alpha.9.png
[DEBUG]  Adding res/drawable-ldrtl-xxhdpi-v4/abc_ic_ab_back_mtrl_am_alpha.png
[DEBUG]  Adding res/drawable-ldrtl-xxhdpi-v4/abc_ic_menu_copy_mtrl_am_alpha.png
[DEBUG]  Adding res/drawable-ldrtl-xxhdpi-v4/abc_ic_menu_cut_mtrl_alpha.png
[DEBUG]  Adding res/drawable-ldrtl-xxhdpi-v4/abc_spinner_mtrl_am_alpha.9.png
[DEBUG]  Adding res/drawable-ldrtl-xxxhdpi-v4/abc_ic_ab_back_mtrl_am_alpha.png
[DEBUG]  Adding res/drawable-ldrtl-xxxhdpi-v4/abc_ic_menu_copy_mtrl_am_alpha.png
[DEBUG]  Adding res/drawable-ldrtl-xxxhdpi-v4/abc_ic_menu_cut_mtrl_alpha.png
[DEBUG]  Adding res/drawable-ldrtl-xxxhdpi-v4/abc_spinner_mtrl_am_alpha.9.png
[DEBUG]  Adding res/drawable-long-land-hdpi-v4/background.png
[DEBUG]  Adding res/drawable-long-land-ldpi-v4/background.png
[DEBUG]  Adding res/drawable-long-port-hdpi-v4/background.png
[DEBUG]  Adding res/drawable-long-port-ldpi-v4/background.png
[DEBUG]  Adding res/drawable-mdpi-v4/abc_ab_share_pack_mtrl_alpha.9.png
[DEBUG]  Adding res/drawable-mdpi-v4/abc_btn_check_to_on_mtrl_000.png
[DEBUG]  Adding res/drawable-mdpi-v4/abc_btn_check_to_on_mtrl_015.png
[DEBUG]  Adding res/drawable-mdpi-v4/abc_btn_radio_to_on_mtrl_000.png
[DEBUG]  Adding res/drawable-mdpi-v4/abc_btn_radio_to_on_mtrl_015.png
[DEBUG]  Adding res/drawable-mdpi-v4/abc_btn_rating_star_off_mtrl_alpha.png
[DEBUG]  Adding res/drawable-mdpi-v4/abc_btn_rating_star_on_mtrl_alpha.png
[DEBUG]  Adding res/drawable-mdpi-v4/abc_btn_switch_to_on_mtrl_00001.9.png
[DEBUG]  Adding res/drawable-mdpi-v4/abc_btn_switch_to_on_mtrl_00012.9.png
[DEBUG]  Adding res/drawable-mdpi-v4/abc_cab_background_top_mtrl_alpha.9.png
[DEBUG]  Adding res/drawable-mdpi-v4/abc_ic_ab_back_mtrl_am_alpha.png
[DEBUG]  Adding res/drawable-mdpi-v4/abc_ic_clear_mtrl_alpha.png
[DEBUG]  Adding res/drawable-mdpi-v4/abc_ic_commit_search_api_mtrl_alpha.png
[DEBUG]  Adding res/drawable-mdpi-v4/abc_ic_go_search_api_mtrl_alpha.png
[DEBUG]  Adding res/drawable-mdpi-v4/abc_ic_menu_copy_mtrl_am_alpha.png
[DEBUG]  Adding res/drawable-mdpi-v4/abc_ic_menu_cut_mtrl_alpha.png
[DEBUG]  Adding res/drawable-mdpi-v4/abc_ic_menu_moreoverflow_mtrl_alpha.png
[DEBUG]  Adding res/drawable-mdpi-v4/abc_ic_menu_paste_mtrl_am_alpha.png
[DEBUG]  Adding res/drawable-mdpi-v4/abc_ic_menu_selectall_mtrl_alpha.png
[DEBUG]  Adding res/drawable-mdpi-v4/abc_ic_menu_share_mtrl_alpha.png
[DEBUG]  Adding res/drawable-mdpi-v4/abc_ic_search_api_mtrl_alpha.png
[DEBUG]  Adding res/drawable-mdpi-v4/abc_ic_voice_search_api_mtrl_alpha.png
[DEBUG]  Adding res/drawable-mdpi-v4/abc_list_divider_mtrl_alpha.9.png
[DEBUG]  Adding res/drawable-mdpi-v4/abc_list_focused_holo.9.png
[DEBUG]  Adding res/drawable-mdpi-v4/abc_list_longpressed_holo.9.png
[DEBUG]  Adding res/drawable-mdpi-v4/abc_list_pressed_holo_dark.9.png
[DEBUG]  Adding res/drawable-mdpi-v4/abc_list_pressed_holo_light.9.png
[DEBUG]  Adding res/drawable-mdpi-v4/abc_list_selector_disabled_holo_dark.9.png
[DEBUG]  Adding res/drawable-mdpi-v4/abc_list_selector_disabled_holo_light.9.png
[DEBUG]  Adding res/drawable-mdpi-v4/abc_menu_hardkey_panel_mtrl_mult.9.png
[DEBUG]  Adding res/drawable-mdpi-v4/abc_popup_background_mtrl_mult.9.png
[DEBUG]  Adding res/drawable-mdpi-v4/abc_spinner_mtrl_am_alpha.9.png
[DEBUG]  Adding res/drawable-mdpi-v4/abc_switch_track_mtrl_alpha.9.png
[DEBUG]  Adding res/drawable-mdpi-v4/abc_tab_indicator_mtrl_alpha.9.png
[DEBUG]  Adding res/drawable-mdpi-v4/abc_textfield_activated_mtrl_alpha.9.png
[DEBUG]  Adding res/drawable-mdpi-v4/abc_textfield_default_mtrl_alpha.9.png
[DEBUG]  Adding res/drawable-mdpi-v4/abc_textfield_search_activated_mtrl_alpha.9.png
[DEBUG]  Adding res/drawable-mdpi-v4/abc_textfield_search_default_mtrl_alpha.9.png
[DEBUG]  Adding res/drawable-notlong-land-hdpi-v4/background.png
[DEBUG]  Adding res/drawable-notlong-land-ldpi-v4/background.png
[DEBUG]  Adding res/drawable-notlong-land-mdpi-v4/background.png
[DEBUG]  Adding res/drawable-notlong-port-hdpi-v4/background.png
[DEBUG]  Adding res/drawable-notlong-port-ldpi-v4/background.png
[DEBUG]  Adding res/drawable-notlong-port-mdpi-v4/background.png
[DEBUG]  Deflating res/drawable-v21/abc_action_bar_item_background_material.xml
[DEBUG]  Deflating res/drawable-v21/abc_btn_colored_material.xml
[DEBUG]  Deflating res/drawable-v23/abc_control_background_material.xml
[DEBUG]  Adding res/drawable-xhdpi-v4/abc_ab_share_pack_mtrl_alpha.9.png
[DEBUG]  Adding res/drawable-xhdpi-v4/abc_btn_check_to_on_mtrl_000.png
[DEBUG]  Adding res/drawable-xhdpi-v4/abc_btn_check_to_on_mtrl_015.png
[DEBUG]  Adding res/drawable-xhdpi-v4/abc_btn_radio_to_on_mtrl_000.png
[DEBUG]  Adding res/drawable-xhdpi-v4/abc_btn_radio_to_on_mtrl_015.png
[DEBUG]  Adding res/drawable-xhdpi-v4/abc_btn_rating_star_off_mtrl_alpha.png
[DEBUG]  Adding res/drawable-xhdpi-v4/abc_btn_rating_star_on_mtrl_alpha.png
[DEBUG]  Adding res/drawable-xhdpi-v4/abc_btn_switch_to_on_mtrl_00001.9.png
[DEBUG]  Adding res/drawable-xhdpi-v4/abc_btn_switch_to_on_mtrl_00012.9.png
[DEBUG]  Adding res/drawable-xhdpi-v4/abc_cab_background_top_mtrl_alpha.9.png
[DEBUG]  Adding res/drawable-xhdpi-v4/abc_ic_ab_back_mtrl_am_alpha.png
[DEBUG]  Adding res/drawable-xhdpi-v4/abc_ic_clear_mtrl_alpha.png
[DEBUG]  Adding res/drawable-xhdpi-v4/abc_ic_commit_search_api_mtrl_alpha.png
[DEBUG]  Adding res/drawable-xhdpi-v4/abc_ic_go_search_api_mtrl_alpha.png
[DEBUG]  Adding res/drawable-xhdpi-v4/abc_ic_menu_copy_mtrl_am_alpha.png
[DEBUG]  Adding res/drawable-xhdpi-v4/abc_ic_menu_cut_mtrl_alpha.png
[DEBUG]  Adding res/drawable-xhdpi-v4/abc_ic_menu_moreoverflow_mtrl_alpha.png
[DEBUG]  Adding res/drawable-xhdpi-v4/abc_ic_menu_paste_mtrl_am_alpha.png
[DEBUG]  Adding res/drawable-xhdpi-v4/abc_ic_menu_selectall_mtrl_alpha.png
[DEBUG]  Adding res/drawable-xhdpi-v4/abc_ic_menu_share_mtrl_alpha.png
[DEBUG]  Adding res/drawable-xhdpi-v4/abc_ic_search_api_mtrl_alpha.png
[DEBUG]  Adding res/drawable-xhdpi-v4/abc_ic_voice_search_api_mtrl_alpha.png
[DEBUG]  Adding res/drawable-xhdpi-v4/abc_list_divider_mtrl_alpha.9.png
[DEBUG]  Adding res/drawable-xhdpi-v4/abc_list_focused_holo.9.png
[DEBUG]  Adding res/drawable-xhdpi-v4/abc_list_longpressed_holo.9.png
[DEBUG]  Adding res/drawable-xhdpi-v4/abc_list_pressed_holo_dark.9.png
[DEBUG]  Adding res/drawable-xhdpi-v4/abc_list_pressed_holo_light.9.png
[DEBUG]  Adding res/drawable-xhdpi-v4/abc_list_selector_disabled_holo_dark.9.png
[DEBUG]  Adding res/drawable-xhdpi-v4/abc_list_selector_disabled_holo_light.9.png
[DEBUG]  Adding res/drawable-xhdpi-v4/abc_menu_hardkey_panel_mtrl_mult.9.png
[DEBUG]  Adding res/drawable-xhdpi-v4/abc_popup_background_mtrl_mult.9.png
[DEBUG]  Adding res/drawable-xhdpi-v4/abc_spinner_mtrl_am_alpha.9.png
[DEBUG]  Adding res/drawable-xhdpi-v4/abc_switch_track_mtrl_alpha.9.png
[DEBUG]  Adding res/drawable-xhdpi-v4/abc_tab_indicator_mtrl_alpha.9.png
[DEBUG]  Adding res/drawable-xhdpi-v4/abc_textfield_activated_mtrl_alpha.9.png
[DEBUG]  Adding res/drawable-xhdpi-v4/abc_textfield_default_mtrl_alpha.9.png
[DEBUG]  Adding res/drawable-xhdpi-v4/abc_textfield_search_activated_mtrl_alpha.9.png
[DEBUG]  Adding res/drawable-xhdpi-v4/abc_textfield_search_default_mtrl_alpha.9.png
[DEBUG]  Adding res/drawable-xxhdpi-v4/abc_ab_share_pack_mtrl_alpha.9.png
[DEBUG]  Adding res/drawable-xxhdpi-v4/abc_btn_check_to_on_mtrl_000.png
[DEBUG]  Adding res/drawable-xxhdpi-v4/abc_btn_check_to_on_mtrl_015.png
[DEBUG]  Adding res/drawable-xxhdpi-v4/abc_btn_radio_to_on_mtrl_000.png
[DEBUG]  Adding res/drawable-xxhdpi-v4/abc_btn_radio_to_on_mtrl_015.png
[DEBUG]  Adding res/drawable-xxhdpi-v4/abc_btn_rating_star_off_mtrl_alpha.png
[DEBUG]  Adding res/drawable-xxhdpi-v4/abc_btn_rating_star_on_mtrl_alpha.png
[DEBUG]  Adding res/drawable-xxhdpi-v4/abc_btn_switch_to_on_mtrl_00001.9.png
[DEBUG]  Adding res/drawable-xxhdpi-v4/abc_btn_switch_to_on_mtrl_00012.9.png
[DEBUG]  Adding res/drawable-xxhdpi-v4/abc_cab_background_top_mtrl_alpha.9.png
[DEBUG]  Adding res/drawable-xxhdpi-v4/abc_ic_ab_back_mtrl_am_alpha.png
[DEBUG]  Adding res/drawable-xxhdpi-v4/abc_ic_clear_mtrl_alpha.png
[DEBUG]  Adding res/drawable-xxhdpi-v4/abc_ic_commit_search_api_mtrl_alpha.png
[DEBUG]  Adding res/drawable-xxhdpi-v4/abc_ic_go_search_api_mtrl_alpha.png
[DEBUG]  Adding res/drawable-xxhdpi-v4/abc_ic_menu_copy_mtrl_am_alpha.png
[DEBUG]  Adding res/drawable-xxhdpi-v4/abc_ic_menu_cut_mtrl_alpha.png
[DEBUG]  Adding res/drawable-xxhdpi-v4/abc_ic_menu_moreoverflow_mtrl_alpha.png
[DEBUG]  Adding res/drawable-xxhdpi-v4/abc_ic_menu_paste_mtrl_am_alpha.png
[DEBUG]  Adding res/drawable-xxhdpi-v4/abc_ic_menu_selectall_mtrl_alpha.png
[DEBUG]  Adding res/drawable-xxhdpi-v4/abc_ic_menu_share_mtrl_alpha.png
[DEBUG]  Adding res/drawable-xxhdpi-v4/abc_ic_search_api_mtrl_alpha.png
[DEBUG]  Adding res/drawable-xxhdpi-v4/abc_ic_voice_search_api_mtrl_alpha.png
[DEBUG]  Adding res/drawable-xxhdpi-v4/abc_list_divider_mtrl_alpha.9.png
[DEBUG]  Adding res/drawable-xxhdpi-v4/abc_list_focused_holo.9.png
[DEBUG]  Adding res/drawable-xxhdpi-v4/abc_list_longpressed_holo.9.png
[DEBUG]  Adding res/drawable-xxhdpi-v4/abc_list_pressed_holo_dark.9.png
[DEBUG]  Adding res/drawable-xxhdpi-v4/abc_list_pressed_holo_light.9.png
[DEBUG]  Adding res/drawable-xxhdpi-v4/abc_list_selector_disabled_holo_dark.9.png
[DEBUG]  Adding res/drawable-xxhdpi-v4/abc_list_selector_disabled_holo_light.9.png
[DEBUG]  Adding res/drawable-xxhdpi-v4/abc_menu_hardkey_panel_mtrl_mult.9.png
[DEBUG]  Adding res/drawable-xxhdpi-v4/abc_popup_background_mtrl_mult.9.png
[DEBUG]  Adding res/drawable-xxhdpi-v4/abc_spinner_mtrl_am_alpha.9.png
[DEBUG]  Adding res/drawable-xxhdpi-v4/abc_switch_track_mtrl_alpha.9.png
[DEBUG]  Adding res/drawable-xxhdpi-v4/abc_tab_indicator_mtrl_alpha.9.png
[DEBUG]  Adding res/drawable-xxhdpi-v4/abc_textfield_activated_mtrl_alpha.9.png
[DEBUG]  Adding res/drawable-xxhdpi-v4/abc_textfield_default_mtrl_alpha.9.png
[DEBUG]  Adding res/drawable-xxhdpi-v4/abc_textfield_search_activated_mtrl_alpha.9.png
[DEBUG]  Adding res/drawable-xxhdpi-v4/abc_textfield_search_default_mtrl_alpha.9.png
[DEBUG]  Adding res/drawable-xxxhdpi-v4/abc_btn_check_to_on_mtrl_000.png
[DEBUG]  Adding res/drawable-xxxhdpi-v4/abc_btn_check_to_on_mtrl_015.png
[DEBUG]  Adding res/drawable-xxxhdpi-v4/abc_btn_radio_to_on_mtrl_000.png
[DEBUG]  Adding res/drawable-xxxhdpi-v4/abc_btn_radio_to_on_mtrl_015.png
[DEBUG]  Adding res/drawable-xxxhdpi-v4/abc_btn_switch_to_on_mtrl_00001.9.png
[DEBUG]  Adding res/drawable-xxxhdpi-v4/abc_btn_switch_to_on_mtrl_00012.9.png
[DEBUG]  Adding res/drawable-xxxhdpi-v4/abc_ic_ab_back_mtrl_am_alpha.png
[DEBUG]  Adding res/drawable-xxxhdpi-v4/abc_ic_clear_mtrl_alpha.png
[DEBUG]  Adding res/drawable-xxxhdpi-v4/abc_ic_menu_copy_mtrl_am_alpha.png
[DEBUG]  Adding res/drawable-xxxhdpi-v4/abc_ic_menu_cut_mtrl_alpha.png
[DEBUG]  Adding res/drawable-xxxhdpi-v4/abc_ic_menu_moreoverflow_mtrl_alpha.png
[DEBUG]  Adding res/drawable-xxxhdpi-v4/abc_ic_menu_paste_mtrl_am_alpha.png
[DEBUG]  Adding res/drawable-xxxhdpi-v4/abc_ic_menu_selectall_mtrl_alpha.png
[DEBUG]  Adding res/drawable-xxxhdpi-v4/abc_ic_menu_share_mtrl_alpha.png
[DEBUG]  Adding res/drawable-xxxhdpi-v4/abc_ic_search_api_mtrl_alpha.png
[DEBUG]  Adding res/drawable-xxxhdpi-v4/abc_ic_voice_search_api_mtrl_alpha.png
[DEBUG]  Adding res/drawable-xxxhdpi-v4/abc_spinner_mtrl_am_alpha.9.png
[DEBUG]  Adding res/drawable-xxxhdpi-v4/abc_switch_track_mtrl_alpha.9.png
[DEBUG]  Adding res/drawable-xxxhdpi-v4/abc_tab_indicator_mtrl_alpha.9.png
[DEBUG]  Deflating res/drawable/abc_btn_borderless_material.xml
[DEBUG]  Deflating res/drawable/abc_btn_check_material.xml
[DEBUG]  Deflating res/drawable/abc_btn_colored_material.xml
[DEBUG]  Deflating res/drawable/abc_btn_default_mtrl_shape.xml
[DEBUG]  Deflating res/drawable/abc_btn_radio_material.xml
[DEBUG]  Deflating res/drawable/abc_cab_background_internal_bg.xml
[DEBUG]  Deflating res/drawable/abc_cab_background_top_material.xml
[DEBUG]  Deflating res/drawable/abc_dialog_material_background_dark.xml
[DEBUG]  Deflating res/drawable/abc_dialog_material_background_light.xml
[DEBUG]  Deflating res/drawable/abc_edit_text_material.xml
[DEBUG]  Deflating res/drawable/abc_item_background_holo_dark.xml
[DEBUG]  Deflating res/drawable/abc_item_background_holo_light.xml
[DEBUG]  Deflating res/drawable/abc_list_selector_background_transition_holo_dark.xml
[DEBUG]  Deflating res/drawable/abc_list_selector_background_transition_holo_light.xml
[DEBUG]  Deflating res/drawable/abc_list_selector_holo_dark.xml
[DEBUG]  Deflating res/drawable/abc_list_selector_holo_light.xml
[DEBUG]  Deflating res/drawable/abc_ratingbar_full_material.xml
[DEBUG]  Deflating res/drawable/abc_spinner_textfield_background_material.xml
[DEBUG]  Deflating res/drawable/abc_switch_thumb_material.xml
[DEBUG]  Deflating res/drawable/abc_tab_indicator_material.xml
[DEBUG]  Deflating res/drawable/abc_text_cursor_material.xml
[DEBUG]  Deflating res/drawable/abc_textfield_search_material.xml
[DEBUG]  Adding res/drawable/background.png
[DEBUG]  Adding res/drawable/btn_check_buttonless_on_64.png
[DEBUG]  Adding res/drawable/btn_more_64.png
[DEBUG]  Adding res/drawable/disclosure_64.png
[DEBUG]  Adding res/drawable/rss.png
[DEBUG]  Deflating res/layout-v17/abc_alert_dialog_material.xml
[DEBUG]  Deflating res/layout-v17/abc_dialog_title_material.xml
[DEBUG]  Deflating res/layout-v17/abc_search_view.xml
[DEBUG]  Deflating res/layout-v17/notification_template_big_media.xml
[DEBUG]  Deflating res/layout-v17/notification_template_big_media_narrow.xml
[DEBUG]  Deflating res/layout-v17/notification_template_lines.xml
[DEBUG]  Deflating res/layout-v17/notification_template_media.xml
[DEBUG]  Deflating res/layout-v17/notification_template_part_chronometer.xml
[DEBUG]  Deflating res/layout-v17/notification_template_part_time.xml
[DEBUG]  Deflating res/layout-v21/abc_screen_toolbar.xml
[DEBUG]  Deflating res/layout-v21/titanium_ui_date_picker_spinner.xml
[DEBUG]  Deflating res/layout-v21/titanium_ui_time_picker_spinner.xml
[DEBUG]  Deflating res/layout/abc_action_bar_title_item.xml
[DEBUG]  Deflating res/layout/abc_action_bar_up_container.xml
[DEBUG]  Deflating res/layout/abc_action_bar_view_list_nav_layout.xml
[DEBUG]  Deflating res/layout/abc_action_menu_item_layout.xml
[DEBUG]  Deflating res/layout/abc_action_menu_layout.xml
[DEBUG]  Deflating res/layout/abc_action_mode_bar.xml
[DEBUG]  Deflating res/layout/abc_action_mode_close_item_material.xml
[DEBUG]  Deflating res/layout/abc_activity_chooser_view.xml
[DEBUG]  Deflating res/layout/abc_activity_chooser_view_list_item.xml
[DEBUG]  Deflating res/layout/abc_alert_dialog_material.xml
[DEBUG]  Deflating res/layout/abc_dialog_title_material.xml
[DEBUG]  Deflating res/layout/abc_expanded_menu_layout.xml
[DEBUG]  Deflating res/layout/abc_list_menu_item_checkbox.xml
[DEBUG]  Deflating res/layout/abc_list_menu_item_icon.xml
[DEBUG]  Deflating res/layout/abc_list_menu_item_layout.xml
[DEBUG]  Deflating res/layout/abc_list_menu_item_radio.xml
[DEBUG]  Deflating res/layout/abc_popup_menu_item_layout.xml
[DEBUG]  Deflating res/layout/abc_screen_content_include.xml
[DEBUG]  Deflating res/layout/abc_screen_simple.xml
[DEBUG]  Deflating res/layout/abc_screen_simple_overlay_action_mode.xml
[DEBUG]  Deflating res/layout/abc_screen_toolbar.xml
[DEBUG]  Deflating res/layout/abc_search_dropdown_item_icons_2line.xml
[DEBUG]  Deflating res/layout/abc_search_view.xml
[DEBUG]  Deflating res/layout/abc_select_dialog_material.xml
[DEBUG]  Deflating res/layout/notification_media_action.xml
[DEBUG]  Deflating res/layout/notification_media_cancel_action.xml
[DEBUG]  Deflating res/layout/notification_template_big_media.xml
[DEBUG]  Deflating res/layout/notification_template_big_media_narrow.xml
[DEBUG]  Deflating res/layout/notification_template_lines.xml
[DEBUG]  Deflating res/layout/notification_template_media.xml
[DEBUG]  Deflating res/layout/notification_template_part_chronometer.xml
[DEBUG]  Deflating res/layout/notification_template_part_time.xml
[DEBUG]  Deflating res/layout/select_dialog_item_material.xml
[DEBUG]  Deflating res/layout/select_dialog_multichoice_material.xml
[DEBUG]  Deflating res/layout/select_dialog_singlechoice_material.xml
[DEBUG]  Deflating res/layout/support_simple_spinner_dropdown_item.xml
[DEBUG]  Deflating res/layout/titanium_tabgroup.xml
[DEBUG]  Deflating res/layout/titanium_ui_checkbox.xml
[DEBUG]  Deflating res/layout/titanium_ui_date_picker_spinner.xml
[DEBUG]  Deflating res/layout/titanium_ui_edittext.xml
[DEBUG]  Deflating res/layout/titanium_ui_list_header_or_footer.xml
[DEBUG]  Deflating res/layout/titanium_ui_list_item.xml
[DEBUG]  Deflating res/layout/titanium_ui_spinner.xml
[DEBUG]  Deflating res/layout/titanium_ui_switchcompat.xml
[DEBUG]  Deflating res/layout/titanium_ui_time_picker_spinner.xml
[DEBUG]  Deflating resources.arsc
[DEBUG]  Processing /home/victor/.titanium/mobilesdk/linux/5.3.1.GA/android/kroll-v8.jar
[DEBUG]  Processing /home/victor/.titanium/mobilesdk/linux/5.3.1.GA/android/modules/titanium-analytics.jar
[DEBUG]  Processing /home/victor/.titanium/mobilesdk/linux/5.3.1.GA/android/aps-analytics.jar
[DEBUG]  Processing /home/victor/.titanium/mobilesdk/linux/5.3.1.GA/android/modules/titanium-android.jar
[DEBUG]  Processing /home/victor/.titanium/mobilesdk/linux/5.3.1.GA/android/jaxen-1.1.1.jar
[DEBUG]  Processing /home/victor/.titanium/mobilesdk/linux/5.3.1.GA/android/ti-commons-codec-1.3.jar
[DEBUG]  Processing /home/victor/.titanium/mobilesdk/linux/5.3.1.GA/android/kroll-common.jar
[DEBUG]  Processing /home/victor/.titanium/mobilesdk/linux/5.3.1.GA/android/titanium.jar
[DEBUG]  Deflating org/appcelerator/titanium/build.properties
[DEBUG]  Adding org/appcelerator/titanium/res/drawable/background.png
[DEBUG]  Adding org/appcelerator/titanium/res/drawable/btn_check_buttonless_on.png
[DEBUG]  Adding org/appcelerator/titanium/res/drawable/btn_check_buttonless_on_100.png
[DEBUG]  Adding org/appcelerator/titanium/res/drawable/btn_check_buttonless_on_18.png
[DEBUG]  Adding org/appcelerator/titanium/res/drawable/btn_check_buttonless_on_48.png
[DEBUG]  Adding org/appcelerator/titanium/res/drawable/btn_check_buttonless_on_64.png
[DEBUG]  Adding org/appcelerator/titanium/res/drawable/btn_more.png
[DEBUG]  Adding org/appcelerator/titanium/res/drawable/btn_more_100.png
[DEBUG]  Adding org/appcelerator/titanium/res/drawable/btn_more_18.png
[DEBUG]  Adding org/appcelerator/titanium/res/drawable/btn_more_48.png
[DEBUG]  Adding org/appcelerator/titanium/res/drawable/btn_more_64.png
[DEBUG]  Adding org/appcelerator/titanium/res/drawable/btn_picker_normal.9.png
[DEBUG]  Adding org/appcelerator/titanium/res/drawable/btn_picker_pressed.9.png
[DEBUG]  Adding org/appcelerator/titanium/res/drawable/btn_picker_selected.9.png
[DEBUG]  Adding org/appcelerator/titanium/res/drawable/default_icon.png
[DEBUG]  Adding org/appcelerator/titanium/res/drawable/photoDefault.png
[DEBUG]  Processing /home/victor/.titanium/mobilesdk/linux/5.3.1.GA/android/modules/titanium-app.jar
[DEBUG]  Processing /home/victor/.titanium/mobilesdk/linux/5.3.1.GA/android/modules/titanium-ui.jar
[DEBUG]  Deflating ti/modules/titanium/ui/widget/webview/binding.js
[DEBUG]  Deflating ti/modules/titanium/ui/widget/webview/binding.min.js
[DEBUG]  Deflating ti/modules/titanium/ui/widget/webview/json2.js
[DEBUG]  Deflating ti/modules/titanium/ui/widget/webview/polling.js
[DEBUG]  Deflating ti/modules/titanium/ui/widget/webview/polling.min.js
[DEBUG]  Processing /home/victor/.titanium/mobilesdk/linux/5.3.1.GA/android/nineoldandroids-appc-2.4.0.jar
[DEBUG]  Processing /home/victor/.titanium/mobilesdk/linux/5.3.1.GA/android/modules/titanium-filesystem.jar
[DEBUG]  Processing /home/victor/.titanium/mobilesdk/linux/5.3.1.GA/android/modules/titanium-media.jar
[DEBUG]  Processing /home/victor/.titanium/mobilesdk/linux/5.3.1.GA/android/modules/titanium-appcompat.jar
[DEBUG]  Processing /home/victor/.titanium/mobilesdk/linux/5.3.1.GA/android/android-support-v4.jar
[DEBUG]  Processing /home/victor/.titanium/mobilesdk/linux/5.3.1.GA/android/android-support-v7-appcompat.jar
[DEBUG]  Processing /home/victor/.titanium/mobilesdk/linux/5.3.1.GA/android/modules/titanium-cardview.jar
[DEBUG]  Processing /home/victor/.titanium/mobilesdk/linux/5.3.1.GA/android/cardview-v7-23.0.1.jar
[DEBUG]  Processing /home/victor/.titanium/mobilesdk/linux/5.3.1.GA/android/modules/titanium-locale.jar
[DEBUG]  Processing /home/victor/.titanium/mobilesdk/linux/5.3.1.GA/android/modules/titanium-network.jar
[DEBUG]  Processing /home/victor/.titanium/mobilesdk/linux/5.3.1.GA/android/modules/titanium-xml.jar
[DEBUG]  Processing /home/victor/.titanium/mobilesdk/linux/5.3.1.GA/android/modules/titanium-database.jar
[DEBUG]  Adding classes.dex
[INFO]   Processing /home/victor/Escritorio/Appcelerator_Studio_Workspace/LectorRSS/build/android/src
[DEBUG]  Adding lib/armeabi/libkroll-v8.so
[DEBUG]  Adding lib/armeabi/libstlport_shared.so
[DEBUG]  Adding lib/armeabi/libtiverify.so
[DEBUG]  Adding lib/armeabi-v7a/libkroll-v8.so
[DEBUG]  Adding lib/armeabi-v7a/libstlport_shared.so
[DEBUG]  Adding lib/armeabi-v7a/libtiverify.so
[DEBUG]  Adding lib/x86/libkroll-v8.so
[DEBUG]  Adding lib/x86/libstlport_shared.so
[DEBUG]  Adding lib/x86/libtiverify.so
[INFO]   Writing unsigned apk: /home/victor/Escritorio/Appcelerator_Studio_Workspace/LectorRSS/build/android/bin/app-unsigned.apk
[INFO]   Using MD5withRSA signature algorithm
[INFO]   Signing apk: /usr/lib/jvm/java-8-oracle/bin/jarsigner "-sigalg" "MD5withRSA" "-digestalg" "SHA1" "-keystore" "/home/victor/.titanium/mobilesdk/linux/5.3.1.GA/android/dev_keystore" "-storepass" "*******" "-signedjar" "/home/victor/Escritorio/Appcelerator_Studio_Workspace/LectorRSS/build/android/bin/LectorRSS.apk" "/home/victor/Escritorio/Appcelerator_Studio_Workspace/LectorRSS/build/android/bin/app-unsigned.apk" "tidev"
[INFO]   Aligning zip file: /home/victor/android-sdk-linux/build-tools/23.0.1/zipalign "-v" "4" "/home/victor/Escritorio/Appcelerator_Studio_Workspace/LectorRSS/build/android/bin/LectorRSS.apk" "/home/victor/Escritorio/Appcelerator_Studio_Workspace/LectorRSS/build/android/bin/LectorRSS.apkz"
[INFO]   Writing build manifest: /home/victor/Escritorio/Appcelerator_Studio_Workspace/LectorRSS/build/android/build-manifest.json
[INFO]   Making sure the adb server is running
[INFO]   Installing apk: /home/victor/Escritorio/Appcelerator_Studio_Workspace/LectorRSS/build/android/bin/LectorRSS.apk
[INFO]   Installing app on device: XT1040
[TRACE]  Checking if package manager service is started
[TRACE]  Package manager has started
[TRACE]  Executing: /home/victor/android-sdk-linux/platform-tools/adb -s TA95101H21 install -r /home/victor/Escritorio/Appcelerator_Studio_Workspace/LectorRSS/build/android/bin/LectorRSS.apk
[INFO]   App successfully installed
[INFO]   Starting app: com.lectorRss.app/.LectorrssActivity
[DEBUG]  Trying to start the app...
[INFO]   Application pid: 7959
-- Start application log -----------------------------------------------------
[INFO]   TiApplication: (main) [0,0] checkpoint, app created.
[INFO]   TiApplication: (main) [111,111] Titanium 5.3.1 (2016/06/09 01:34 ee11b10)
[INFO]   Project built successfully in 1m 1s 517ms
